<?xml version="1.0" encoding="UTF-8"?>
<testsuite name="com.example.marketproject.MarketProjectApplicationTests" tests="1" skipped="0" failures="0" errors="0" timestamp="2023-12-08T16:57:08" hostname="macbookui-MacBookPro.local" time="0.406">
  <properties/>
  <testcase name="contextLoads()" classname="com.example.marketproject.MarketProjectApplicationTests" time="0.406"/>
  <system-out><![CDATA[01:57:07.408 [Test worker] INFO org.springframework.test.context.support.AnnotationConfigContextLoaderUtils -- Could not detect default configuration classes for test class [com.example.marketproject.MarketProjectApplicationTests]: MarketProjectApplicationTests does not declare any static, non-private, non-final, nested classes annotated with @Configuration.
01:57:07.451 [Test worker] INFO org.springframework.boot.test.context.SpringBootTestContextBootstrapper -- Found @SpringBootConfiguration com.example.marketproject.MarketProjectApplication for test class com.example.marketproject.MarketProjectApplicationTests

  .   ____          _            __ _ _
 /\\ / ___'_ __ _ _(_)_ __  __ _ \ \ \ \
( ( )\___ | '_ | '_| | '_ \/ _` | \ \ \ \
 \\/  ___)| |_)| | | | | || (_| |  ) ) ) )
  '  |____| .__|_| |_|_| |_\__, | / / / /
 =========|_|==============|___/=/_/_/_/
 :: Spring Boot ::                (v3.2.0)

2023-12-09T01:57:07.608+09:00  INFO 4651 --- [    Test worker] c.e.m.MarketProjectApplicationTests      : Starting MarketProjectApplicationTests using Java 17.0.9 with PID 4651 (started by macbook in /Users/macbook/study/Online-Market/market-project)
2023-12-09T01:57:07.608+09:00  INFO 4651 --- [    Test worker] c.e.m.MarketProjectApplicationTests      : No active profile set, falling back to 1 default profile: "default"
2023-12-09T01:57:08.223+09:00  INFO 4651 --- [    Test worker] o.s.b.a.e.web.EndpointLinksResolver      : Exposing 1 endpoint(s) beneath base path '/actuator'
2023-12-09T01:57:08.254+09:00  INFO 4651 --- [    Test worker] c.e.m.MarketProjectApplicationTests      : Started MarketProjectApplicationTests in 0.749 seconds (process running for 1.209)
]]></system-out>
  <system-err><![CDATA[]]></system-err>
</testsuite>
